# JRE version: Java(TM) SE Runtime Environment (21.0.2+13) (build 21.0.2+13-LTS-58)
# Java VM: Java HotSpot(TM) 64-Bit Server VM (21.0.2+13-LTS-58, mixed mode, sharing, tiered, compressed oops, compressed class ptrs, g1 gc, windows-amd64)
GC Precious Log:
 CardTable entry size: 512
 Card Set container configuration: InlinePtr #cards 5 size 8 Array Of Cards #cards 12 size 40 Howl #buckets 4 coarsen threshold 1843 Howl Bitmap #cards 512 size 80 coarsen threshold 460 Card regions per heap region 1 cards per card region 2048
 CPUs: 4 total, 4 available
 Memory: 3879M
 Large Page Support: Disabled
 NUMA Support: Disabled
 Compressed Oops: Enabled (32-bit)
 Heap Region Size: 1M
 Heap Min Capacity: 8M
 Heap Initial Capacity: 62M
 Heap Max Capacity: 970M
 Pre-touch: Disabled
 Parallel Workers: 4
 Concurrent Workers: 1
 Concurrent Refinement Workers: 4
 Periodic GC: Disabled
Heap:
 garbage-first heap   total 45056K, used 32600K [0x00000000c3600000, 0x0000000100000000)
  region size 1024K, 10 young (10240K), 1 survivors (1024K)
 Metaspace       used 50992K, committed 51648K, reserved 1114112K
  class space    used 6665K, committed 6976K, reserved 1048576K
GC Heap History (20 events):
Event: 4.005 GC heap before
{Heap before GC invocations=3 (full 0):
 garbage-first heap   total 63488K, used 34130K [0x00000000c3600000, 0x0000000100000000)
  region size 1024K, 29 young (29696K), 4 survivors (4096K)
 Metaspace       used 21227K, committed 21504K, reserved 1114112K
  class space    used 2607K, committed 2752K, reserved 1048576K
}
Event: 4.021 GC heap after
{Heap after GC invocations=4 (full 0):
 garbage-first heap   total 63488K, used 12050K [0x00000000c3600000, 0x0000000100000000)
  region size 1024K, 4 young (4096K), 4 survivors (4096K)
 Metaspace       used 21227K, committed 21504K, reserved 1114112K
  class space    used 2607K, committed 2752K, reserved 1048576K
}
Event: 5.507 GC heap before
{Heap before GC invocations=5 (full 0):
 garbage-first heap   total 45056K, used 33554K [0x00000000c3600000, 0x0000000100000000)
  region size 1024K, 26 young (26624K), 4 survivors (4096K)
 Metaspace       used 24775K, committed 25152K, reserved 1114112K
  class space    used 3045K, committed 3200K, reserved 1048576K
}
Event: 5.516 GC heap after
{Heap after GC invocations=6 (full 0):
 garbage-first heap   total 45056K, used 14843K [0x00000000c3600000, 0x0000000100000000)
  region size 1024K, 4 young (4096K), 4 survivors (4096K)
 Metaspace       used 24775K, committed 25152K, reserved 1114112K
  class space    used 3045K, committed 3200K, reserved 1048576K
}
Event: 6.194 GC heap before
{Heap before GC invocations=6 (full 0):
 garbage-first heap   total 45056K, used 33275K [0x00000000c3600000, 0x0000000100000000)
  region size 1024K, 22 young (22528K), 4 survivors (4096K)
 Metaspace       used 26695K, committed 27008K, reserved 1114112K
  class space    used 3291K, committed 3456K, reserved 1048576K
}
Event: 6.199 GC heap after
{Heap after GC invocations=7 (full 0):
 garbage-first heap   total 45056K, used 16978K [0x00000000c3600000, 0x0000000100000000)
  region size 1024K, 2 young (2048K), 2 survivors (2048K)
 Metaspace       used 26695K, committed 27008K, reserved 1114112K
  class space    used 3291K, committed 3456K, reserved 1048576K
}
Event: 6.904 GC heap before
{Heap before GC invocations=7 (full 0):
 garbage-first heap   total 45056K, used 35410K [0x00000000c3600000, 0x0000000100000000)
  region size 1024K, 20 young (20480K), 2 survivors (2048K)
 Metaspace       used 29284K, committed 29632K, reserved 1114112K
  class space    used 3669K, committed 3840K, reserved 1048576K
}
Event: 6.908 GC heap after
{Heap after GC invocations=8 (full 0):
 garbage-first heap   total 45056K, used 18430K [0x00000000c3600000, 0x0000000100000000)
  region size 1024K, 3 young (3072K), 3 survivors (3072K)
 Metaspace       used 29284K, committed 29632K, reserved 1114112K
  class space    used 3669K, committed 3840K, reserved 1048576K
}
Event: 7.437 GC heap before
{Heap before GC invocations=8 (full 0):
 garbage-first heap   total 45056K, used 36862K [0x00000000c3600000, 0x0000000100000000)
  region size 1024K, 21 young (21504K), 3 survivors (3072K)
 Metaspace       used 33319K, committed 33728K, reserved 1114112K
  class space    used 4181K, committed 4352K, reserved 1048576K
}
Event: 7.442 GC heap after
{Heap after GC invocations=9 (full 0):
 garbage-first heap   total 45056K, used 20316K [0x00000000c3600000, 0x0000000100000000)
  region size 1024K, 2 young (2048K), 2 survivors (2048K)
 Metaspace       used 33319K, committed 33728K, reserved 1114112K
  class space    used 4181K, committed 4352K, reserved 1048576K
}
Event: 7.803 GC heap before
{Heap before GC invocations=9 (full 0):
 garbage-first heap   total 45056K, used 31580K [0x00000000c3600000, 0x0000000100000000)
  region size 1024K, 14 young (14336K), 2 survivors (2048K)
 Metaspace       used 35479K, committed 35968K, reserved 1114112K
  class space    used 4484K, committed 4736K, reserved 1048576K
}
Event: 7.810 GC heap after
{Heap after GC invocations=10 (full 0):
 garbage-first heap   total 45056K, used 21441K [0x00000000c3600000, 0x0000000100000000)
  region size 1024K, 2 young (2048K), 2 survivors (2048K)
 Metaspace       used 35479K, committed 35968K, reserved 1114112K
  class space    used 4484K, committed 4736K, reserved 1048576K
}
Event: 8.831 GC heap before
{Heap before GC invocations=11 (full 0):
 garbage-first heap   total 45056K, used 36801K [0x00000000c3600000, 0x0000000100000000)
  region size 1024K, 18 young (18432K), 2 survivors (2048K)
 Metaspace       used 38073K, committed 38592K, reserved 1114112K
  class space    used 4780K, committed 4992K, reserved 1048576K
}
Event: 8.834 GC heap after
{Heap after GC invocations=12 (full 0):
 garbage-first heap   total 45056K, used 22677K [0x00000000c3600000, 0x0000000100000000)
  region size 1024K, 3 young (3072K), 3 survivors (3072K)
 Metaspace       used 38073K, committed 38592K, reserved 1114112K
  class space    used 4780K, committed 4992K, reserved 1048576K
}
Event: 9.522 GC heap before
{Heap before GC invocations=12 (full 0):
 garbage-first heap   total 45056K, used 38037K [0x00000000c3600000, 0x0000000100000000)
  region size 1024K, 18 young (18432K), 3 survivors (3072K)
 Metaspace       used 41914K, committed 42432K, reserved 1114112K
  class space    used 5276K, committed 5504K, reserved 1048576K
}
Event: 9.527 GC heap after
{Heap after GC invocations=13 (full 0):
 garbage-first heap   total 45056K, used 23335K [0x00000000c3600000, 0x0000000100000000)
  region size 1024K, 3 young (3072K), 3 survivors (3072K)
 Metaspace       used 41914K, committed 42432K, reserved 1114112K
  class space    used 5276K, committed 5504K, reserved 1048576K
}
Event: 10.227 GC heap before
{Heap before GC invocations=13 (full 0):
 garbage-first heap   total 45056K, used 37671K [0x00000000c3600000, 0x0000000100000000)
  region size 1024K, 17 young (17408K), 3 survivors (3072K)
 Metaspace       used 45737K, committed 46272K, reserved 1114112K
  class space    used 5934K, committed 6144K, reserved 1048576K
}
Event: 10.231 GC heap after
{Heap after GC invocations=14 (full 0):
 garbage-first heap   total 45056K, used 24635K [0x00000000c3600000, 0x0000000100000000)
  region size 1024K, 3 young (3072K), 3 survivors (3072K)
 Metaspace       used 45737K, committed 46272K, reserved 1114112K
  class space    used 5934K, committed 6144K, reserved 1048576K
}
Event: 11.054 GC heap before
{Heap before GC invocations=15 (full 0):
 garbage-first heap   total 45056K, used 37947K [0x00000000c3600000, 0x0000000100000000)
  region size 1024K, 16 young (16384K), 3 survivors (3072K)
 Metaspace       used 49357K, committed 49920K, reserved 1114112K
  class space    used 6462K, committed 6720K, reserved 1048576K
}
Event: 11.060 GC heap after
{Heap after GC invocations=16 (full 0):
 garbage-first heap   total 45056K, used 25432K [0x00000000c3600000, 0x0000000100000000)
  region size 1024K, 1 young (1024K), 1 survivors (1024K)
 Metaspace       used 49357K, committed 49920K, reserved 1114112K
  class space    used 6462K, committed 6720K, reserved 1048576K
}

